<?xml version="1.0" encoding="UTF-8" ?>
<testsuite tests="1" failures="0" name="tqs.lab5.RunCucumberTest" time="0.115" errors="0" skipped="0">
    <properties>
        <property name="java.runtime.name" value="OpenJDK Runtime Environment"/>
        <property name="java.vm.version" value="11.0.9.1+12-LTS"/>
        <property name="sun.boot.library.path"
                  value="/Users/andre/Library/Java/JavaVirtualMachines/correto/Contents/Home/lib"/>
        <property name="gopherProxySet" value="false"/>
        <property name="maven.multiModuleProjectDirectory"
                  value="/Users/andre/Documents/GitHub/TQS/lab5/P3/SalaryManager"/>
        <property name="java.vm.vendor" value="Amazon.com Inc."/>
        <property name="java.vendor.url" value="https://aws.amazon.com/corretto/"/>
        <property name="guice.disable.misplaced.annotation.check" value="true"/>
        <property name="path.separator" value=":"/>
        <property name="java.vm.name" value="OpenJDK 64-Bit Server VM"/>
        <property name="sun.os.patch.level" value="unknown"/>
        <property name="user.country" value="PT"/>
        <property name="sun.java.launcher" value="SUN_STANDARD"/>
        <property name="java.vm.specification.name" value="Java Virtual Machine Specification"/>
        <property name="user.dir" value="/Users/andre/Documents/GitHub/TQS/lab5/P3/SalaryManager"/>
        <property name="java.vm.compressedOopsMode" value="Zero based"/>
        <property name="java.runtime.version" value="11.0.9.1+12-LTS"/>
        <property name="java.awt.graphicsenv" value="sun.awt.CGraphicsEnvironment"/>
        <property name="os.arch" value="x86_64"/>
        <property name="java.io.tmpdir" value="/var/folders/b3/1qcfjfc53z1dq5xjfm10rjw00000gn/T/"/>
        <property name="line.separator" value="
"/>
        <property name="java.vm.specification.vendor" value="Oracle Corporation"/>
        <property name="os.name" value="Mac OS X"/>
        <property name="classworlds.conf" value="/Users/andre/.mvnvm/apache-maven-3.6.3/bin/m2.conf"/>
        <property name="sun.jnu.encoding" value="UTF-8"/>
        <property name="java.library.path"
                  value="/Users/andre/Library/Java/Extensions:/Library/Java/Extensions:/Network/Library/Java/Extensions:/System/Library/Java/Extensions:/usr/lib/java:."/>
        <property name="maven.conf" value="/Users/andre/.mvnvm/apache-maven-3.6.3/conf"/>
        <property name="jdk.debug" value="release"/>
        <property name="java.class.version" value="55.0"/>
        <property name="java.specification.name" value="Java Platform API Specification"/>
        <property name="sun.management.compiler" value="HotSpot 64-Bit Tiered Compilers"/>
        <property name="os.version" value="10.16"/>
        <property name="library.jansi.path" value="/Users/andre/.mvnvm/apache-maven-3.6.3/lib/jansi-native"/>
        <property name="http.nonProxyHosts" value="local|*.local|169.254/16|*.169.254/16"/>
        <property name="user.home" value="/Users/andre"/>
        <property name="user.timezone" value="Europe/Lisbon"/>
        <property name="java.awt.printerjob" value="sun.lwawt.macosx.CPrinterJob"/>
        <property name="file.encoding" value="UTF-8"/>
        <property name="java.specification.version" value="11"/>
        <property name="user.name" value="andre"/>
        <property name="java.class.path"
                  value="/Users/andre/.mvnvm/apache-maven-3.6.3/boot/plexus-classworlds-2.6.0.jar"/>
        <property name="java.vm.specification.version" value="11"/>
        <property name="sun.arch.data.model" value="64"/>
        <property name="sun.java.command" value="org.codehaus.plexus.classworlds.launcher.Launcher install"/>
        <property name="java.home" value="/Users/andre/Library/Java/JavaVirtualMachines/correto/Contents/Home"/>
        <property name="user.language" value="en"/>
        <property name="java.specification.vendor" value="Oracle Corporation"/>
        <property name="awt.toolkit" value="sun.lwawt.macosx.LWCToolkit"/>
        <property name="java.vm.info" value="mixed mode"/>
        <property name="java.version" value="11.0.9.1"/>
        <property name="java.vendor" value="Amazon.com Inc."/>
        <property name="maven.home" value="/Users/andre/.mvnvm/apache-maven-3.6.3"/>
        <property name="file.separator" value="/"/>
        <property name="java.version.date" value="2020-11-04"/>
        <property name="java.vendor.url.bug" value="https://github.com/corretto/corretto-11/issues/"/>
        <property name="sun.io.unicode.encoding" value="UnicodeBig"/>
        <property name="sun.cpu.endian" value="little"/>
        <property name="java.vendor.version" value="Corretto-11.0.9.12.1"/>
        <property name="socksNonProxyHosts" value="local|*.local|169.254/16|*.169.254/16"/>
        <property name="ftp.nonProxyHosts" value="local|*.local|169.254/16|*.169.254/16"/>
        <property name="sun.cpu.isalist" value=""/>
    </properties>
    <testcase classname="Salary Management" name="Modify an employee&apos;s salary" time="0.115"/>
</testsuite>