<?xml version="1.0" encoding="UTF-8"?>
<testsuite xmlns:xsi="http://www.w3.org/2001/XMLSchema-instance" xsi:noNamespaceSchemaLocation="https://maven.apache.org/surefire/maven-surefire-plugin/xsd/surefire-test-report.xsd" name="geocoding.AddressResolverTest" time="0.472" tests="2" errors="1" skipped="0" failures="0">
  <properties>
    <property name="gopherProxySet" value="false"/>
    <property name="awt.toolkit" value="sun.lwawt.macosx.LWCToolkit"/>
    <property name="java.specification.version" value="11"/>
    <property name="sun.cpu.isalist" value=""/>
    <property name="sun.jnu.encoding" value="UTF-8"/>
    <property name="java.class.path" value="/Users/andre/Downloads/Important/TQS/LAB02/P2/target/test-classes:/Users/andre/Downloads/Important/TQS/LAB02/P2/target/classes:/Users/andre/.m2/repository/org/junit/jupiter/junit-jupiter-engine/5.7.1/junit-jupiter-engine-5.7.1.jar:/Users/andre/.m2/repository/org/apiguardian/apiguardian-api/1.1.0/apiguardian-api-1.1.0.jar:/Users/andre/.m2/repository/org/junit/platform/junit-platform-engine/1.7.1/junit-platform-engine-1.7.1.jar:/Users/andre/.m2/repository/org/junit/jupiter/junit-jupiter-api/5.7.1/junit-jupiter-api-5.7.1.jar:/Users/andre/.m2/repository/org/opentest4j/opentest4j/1.2.0/opentest4j-1.2.0.jar:/Users/andre/.m2/repository/org/junit/platform/junit-platform-commons/1.7.1/junit-platform-commons-1.7.1.jar:/Users/andre/.m2/repository/org/junit/vintage/junit-vintage-engine/5.7.1/junit-vintage-engine-5.7.1.jar:/Users/andre/.m2/repository/junit/junit/4.13/junit-4.13.jar:/Users/andre/.m2/repository/org/hamcrest/hamcrest-core/1.3/hamcrest-core-1.3.jar:/Users/andre/.m2/repository/org/hamcrest/hamcrest-all/1.3/hamcrest-all-1.3.jar:/Users/andre/.m2/repository/org/mockito/mockito-core/3.8.0/mockito-core-3.8.0.jar:/Users/andre/.m2/repository/net/bytebuddy/byte-buddy/1.10.20/byte-buddy-1.10.20.jar:/Users/andre/.m2/repository/net/bytebuddy/byte-buddy-agent/1.10.20/byte-buddy-agent-1.10.20.jar:/Users/andre/.m2/repository/org/objenesis/objenesis/3.1/objenesis-3.1.jar:/Users/andre/.m2/repository/org/mockito/mockito-junit-jupiter/3.8.0/mockito-junit-jupiter-3.8.0.jar:/Users/andre/.m2/repository/org/apache/httpcomponents/httpclient/4.5.10/httpclient-4.5.10.jar:/Users/andre/.m2/repository/org/apache/httpcomponents/httpcore/4.4.12/httpcore-4.4.12.jar:/Users/andre/.m2/repository/commons-logging/commons-logging/1.2/commons-logging-1.2.jar:/Users/andre/.m2/repository/commons-codec/commons-codec/1.11/commons-codec-1.11.jar:/Users/andre/.m2/repository/com/googlecode/json-simple/json-simple/1.1.1/json-simple-1.1.1.jar:"/>
    <property name="java.vm.vendor" value="Amazon.com Inc."/>
    <property name="sun.arch.data.model" value="64"/>
    <property name="java.vendor.url" value="https://aws.amazon.com/corretto/"/>
    <property name="user.timezone" value=""/>
    <property name="java.vm.specification.version" value="11"/>
    <property name="os.name" value="Mac OS X"/>
    <property name="sun.java.launcher" value="SUN_STANDARD"/>
    <property name="user.country" value="PT"/>
    <property name="sun.boot.library.path" value="/Users/andre/Library/Java/JavaVirtualMachines/correto/Contents/Home/lib"/>
    <property name="sun.java.command" value="/Users/andre/Downloads/Important/TQS/LAB02/P2/target/surefire/surefirebooter9524293756888654126.jar /Users/andre/Downloads/Important/TQS/LAB02/P2/target/surefire 2021-03-24T17-43-33_597-jvmRun1 surefire17992932048885143313tmp surefire_0921244346782653078tmp"/>
    <property name="http.nonProxyHosts" value="local|*.local|169.254/16|*.169.254/16"/>
    <property name="jdk.debug" value="release"/>
    <property name="surefire.test.class.path" value="/Users/andre/Downloads/Important/TQS/LAB02/P2/target/test-classes:/Users/andre/Downloads/Important/TQS/LAB02/P2/target/classes:/Users/andre/.m2/repository/org/junit/jupiter/junit-jupiter-engine/5.7.1/junit-jupiter-engine-5.7.1.jar:/Users/andre/.m2/repository/org/apiguardian/apiguardian-api/1.1.0/apiguardian-api-1.1.0.jar:/Users/andre/.m2/repository/org/junit/platform/junit-platform-engine/1.7.1/junit-platform-engine-1.7.1.jar:/Users/andre/.m2/repository/org/junit/jupiter/junit-jupiter-api/5.7.1/junit-jupiter-api-5.7.1.jar:/Users/andre/.m2/repository/org/opentest4j/opentest4j/1.2.0/opentest4j-1.2.0.jar:/Users/andre/.m2/repository/org/junit/platform/junit-platform-commons/1.7.1/junit-platform-commons-1.7.1.jar:/Users/andre/.m2/repository/org/junit/vintage/junit-vintage-engine/5.7.1/junit-vintage-engine-5.7.1.jar:/Users/andre/.m2/repository/junit/junit/4.13/junit-4.13.jar:/Users/andre/.m2/repository/org/hamcrest/hamcrest-core/1.3/hamcrest-core-1.3.jar:/Users/andre/.m2/repository/org/hamcrest/hamcrest-all/1.3/hamcrest-all-1.3.jar:/Users/andre/.m2/repository/org/mockito/mockito-core/3.8.0/mockito-core-3.8.0.jar:/Users/andre/.m2/repository/net/bytebuddy/byte-buddy/1.10.20/byte-buddy-1.10.20.jar:/Users/andre/.m2/repository/net/bytebuddy/byte-buddy-agent/1.10.20/byte-buddy-agent-1.10.20.jar:/Users/andre/.m2/repository/org/objenesis/objenesis/3.1/objenesis-3.1.jar:/Users/andre/.m2/repository/org/mockito/mockito-junit-jupiter/3.8.0/mockito-junit-jupiter-3.8.0.jar:/Users/andre/.m2/repository/org/apache/httpcomponents/httpclient/4.5.10/httpclient-4.5.10.jar:/Users/andre/.m2/repository/org/apache/httpcomponents/httpcore/4.4.12/httpcore-4.4.12.jar:/Users/andre/.m2/repository/commons-logging/commons-logging/1.2/commons-logging-1.2.jar:/Users/andre/.m2/repository/commons-codec/commons-codec/1.11/commons-codec-1.11.jar:/Users/andre/.m2/repository/com/googlecode/json-simple/json-simple/1.1.1/json-simple-1.1.1.jar:"/>
    <property name="sun.cpu.endian" value="little"/>
    <property name="user.home" value="/Users/andre"/>
    <property name="user.language" value="pt"/>
    <property name="java.specification.vendor" value="Oracle Corporation"/>
    <property name="java.version.date" value="2020-11-04"/>
    <property name="java.home" value="/Users/andre/Library/Java/JavaVirtualMachines/correto/Contents/Home"/>
    <property name="file.separator" value="/"/>
    <property name="basedir" value="/Users/andre/Downloads/Important/TQS/LAB02/P2"/>
    <property name="java.vm.compressedOopsMode" value="Zero based"/>
    <property name="line.separator" value="&#10;"/>
    <property name="java.specification.name" value="Java Platform API Specification"/>
    <property name="java.vm.specification.vendor" value="Oracle Corporation"/>
    <property name="java.awt.graphicsenv" value="sun.awt.CGraphicsEnvironment"/>
    <property name="surefire.real.class.path" value="/Users/andre/Downloads/Important/TQS/LAB02/P2/target/surefire/surefirebooter9524293756888654126.jar"/>
    <property name="sun.management.compiler" value="HotSpot 64-Bit Tiered Compilers"/>
    <property name="ftp.nonProxyHosts" value="local|*.local|169.254/16|*.169.254/16"/>
    <property name="java.runtime.version" value="11.0.9.1+12-LTS"/>
    <property name="user.name" value="andre"/>
    <property name="path.separator" value=":"/>
    <property name="os.version" value="10.16"/>
    <property name="java.runtime.name" value="OpenJDK Runtime Environment"/>
    <property name="file.encoding" value="UTF-8"/>
    <property name="java.vm.name" value="OpenJDK 64-Bit Server VM"/>
    <property name="java.vendor.version" value="Corretto-11.0.9.12.1"/>
    <property name="localRepository" value="/Users/andre/.m2/repository"/>
    <property name="java.vendor.url.bug" value="https://github.com/corretto/corretto-11/issues/"/>
    <property name="java.io.tmpdir" value="/var/folders/b3/1qcfjfc53z1dq5xjfm10rjw00000gn/T/"/>
    <property name="java.version" value="11.0.9.1"/>
    <property name="user.dir" value="/Users/andre/Downloads/Important/TQS/LAB02/P2"/>
    <property name="os.arch" value="x86_64"/>
    <property name="java.vm.specification.name" value="Java Virtual Machine Specification"/>
    <property name="java.awt.printerjob" value="sun.lwawt.macosx.CPrinterJob"/>
    <property name="sun.os.patch.level" value="unknown"/>
    <property name="java.library.path" value="/Users/andre/Library/Java/Extensions:/Library/Java/Extensions:/Network/Library/Java/Extensions:/System/Library/Java/Extensions:/usr/lib/java:."/>
    <property name="java.vm.info" value="mixed mode"/>
    <property name="java.vendor" value="Amazon.com Inc."/>
    <property name="java.vm.version" value="11.0.9.1+12-LTS"/>
    <property name="sun.io.unicode.encoding" value="UnicodeBig"/>
    <property name="java.class.version" value="55.0"/>
    <property name="socksNonProxyHosts" value="local|*.local|169.254/16|*.169.254/16"/>
  </properties>
  <testcase name="whenGoodAlboiGps_returnAddress" classname="geocoding.AddressResolverTest" time="0.452"/>
  <testcase name="whenBadCoordidates_throwBadArrayindex" classname="geocoding.AddressResolverTest" time="0.016">
    <error message="&#10;Strict stubbing argument mismatch. Please check:&#10; - this invocation of &apos;get&apos; method:&#10;    httpClient.get(&#10;    &quot;http://open.mapquestapi.com/geocoding/v1/reverse?key=G1KjhsWGUtOdPAi4v3WbqtFqYMJR97cu&amp;location=-200.000000%2C-200.000000&amp;includeRoadMetadata=true&quot;&#10;);&#10;    -&gt; at geocoding.AddressResolver.findAddressForLocation(AddressResolver.java:44)&#10; - has following stubbing(s) with different arguments:&#10;    1. httpClient.get(&quot;&quot;);&#10;      -&gt; at geocoding.AddressResolverTest.whenBadCoordidates_throwBadArrayindex(AddressResolverTest.java:53)&#10;Typically, stubbing argument mismatch indicates user mistake when writing tests.&#10;Mockito fails early so that you can debug potential problem easily.&#10;However, there are legit scenarios when this exception generates false negative signal:&#10;  - stubbing the same method multiple times using &apos;given().will()&apos; or &apos;when().then()&apos; API&#10;    Please use &apos;will().given()&apos; or &apos;doReturn().when()&apos; API for stubbing.&#10;  - stubbed method is intentionally invoked with different arguments by code under test&#10;    Please use default or &apos;silent&apos; JUnit Rule (equivalent of Strictness.LENIENT).&#10;For more information see javadoc for PotentialStubbingProblem class." type="org.mockito.exceptions.misusing.PotentialStubbingProblem"><![CDATA[org.mockito.exceptions.misusing.PotentialStubbingProblem: 

Strict stubbing argument mismatch. Please check:
 - this invocation of 'get' method:
    httpClient.get(
    "http://open.mapquestapi.com/geocoding/v1/reverse?key=G1KjhsWGUtOdPAi4v3WbqtFqYMJR97cu&location=-200.000000%2C-200.000000&includeRoadMetadata=true"
);
    -> at geocoding.AddressResolver.findAddressForLocation(AddressResolver.java:44)
 - has following stubbing(s) with different arguments:
    1. httpClient.get("");
      -> at geocoding.AddressResolverTest.whenBadCoordidates_throwBadArrayindex(AddressResolverTest.java:53)
Typically, stubbing argument mismatch indicates user mistake when writing tests.
Mockito fails early so that you can debug potential problem easily.
However, there are legit scenarios when this exception generates false negative signal:
  - stubbing the same method multiple times using 'given().will()' or 'when().then()' API
    Please use 'will().given()' or 'doReturn().when()' API for stubbing.
  - stubbed method is intentionally invoked with different arguments by code under test
    Please use default or 'silent' JUnit Rule (equivalent of Strictness.LENIENT).
For more information see javadoc for PotentialStubbingProblem class.
	at geocoding.AddressResolverTest.whenBadCoordidates_throwBadArrayindex(AddressResolverTest.java:54)
]]></error>
    <system-err><![CDATA[ url is --> http://open.mapquestapi.com/geocoding/v1/reverse?key=G1KjhsWGUtOdPAi4v3WbqtFqYMJR97cu&location=-200.000000%2C-200.000000&includeRoadMetadata=true <--
]]></system-err>
  </testcase>
</testsuite>